TN:
SF:src\components\ProtectedRoute.jsx
FN:18,ProtectedRoute
FN:19,(anonymous_1)
FNF:2
FNH:1
FNDA:3,ProtectedRoute
FNDA:0,(anonymous_1)
DA:19,3
DA:21,3
DA:23,3
DA:24,1
DA:27,2
DA:28,1
DA:31,1
LF:7
LH:7
BRDA:23,0,0,1
BRDA:23,0,1,2
BRDA:27,1,0,1
BRDA:27,1,1,1
BRF:4
BRH:4
end_of_record
TN:
SF:src\pages\LoginPage.jsx
FN:35,LoginPage
FN:43,(anonymous_1)
FN:82,(anonymous_2)
FN:91,(anonymous_3)
FNF:4
FNH:4
FNDA:9,LoginPage
FNDA:2,(anonymous_1)
FNDA:2,(anonymous_2)
FNDA:2,(anonymous_3)
DA:36,9
DA:37,9
DA:38,9
DA:40,9
DA:41,9
DA:43,9
DA:44,2
DA:46,2
DA:47,2
DA:48,2
DA:49,1
DA:52,1
DA:55,1
DA:58,1
DA:61,1
DA:64,1
DA:65,1
DA:67,0
DA:72,9
DA:82,2
DA:91,2
LF:21
LH:20
BRDA:64,0,0,1
BRDA:64,0,1,0
BRDA:96,1,0,9
BRDA:96,1,1,1
BRF:4
BRH:3
end_of_record
TN:
SF:src\pages\MainPage.jsx
FN:23,MainPage
FN:24,(anonymous_1)
FN:42,(anonymous_2)
FNF:3
FNH:2
FNDA:5,MainPage
FNDA:0,(anonymous_1)
FNDA:2,(anonymous_2)
DA:24,5
DA:25,5
DA:26,5
DA:29,5
DA:30,5
DA:42,5
DA:43,2
DA:45,2
DA:48,1
DA:50,1
DA:51,1
DA:52,1
DA:54,1
DA:56,1
DA:57,1
DA:58,1
DA:59,1
DA:64,5
DA:67,4
DA:68,1
DA:71,3
DA:73,5
LF:22
LH:22
BRDA:64,0,0,1
BRDA:64,0,1,4
BRDA:67,1,0,1
BRDA:67,1,1,3
BRF:4
BRH:4
end_of_record
TN:
SF:src\pages\RegisterPage.jsx
FN:21,RegisterPage
FN:43,(anonymous_1)
FNF:2
FNH:2
FNDA:68,RegisterPage
FNDA:5,(anonymous_1)
DA:22,68
DA:24,68
DA:44,5
DA:45,5
DA:46,5
DA:49,5
DA:50,5
DA:53,5
DA:54,3
DA:57,3
DA:61,2
DA:69,1
DA:71,1
DA:72,1
DA:74,5
DA:79,68
LF:16
LH:16
BRDA:53,0,0,3
BRDA:53,0,1,2
BRDA:53,1,0,5
BRDA:53,1,1,3
BRDA:95,2,0,68
BRDA:95,2,1,14
BRDA:95,2,2,2
BRDA:114,3,0,68
BRDA:114,3,1,12
BRDA:114,3,2,1
BRDA:133,4,0,68
BRDA:133,4,1,18
BRDA:133,4,2,4
BRDA:152,5,0,68
BRDA:152,5,1,12
BRDA:152,5,2,1
BRDA:158,6,0,68
BRDA:158,6,1,4
BRDA:165,7,0,5
BRDA:165,7,1,63
BRF:20
BRH:20
end_of_record
TN:
SF:src\redux\authSlice.js
FN:13,(anonymous_0)
FN:25,(anonymous_1)
FN:30,(anonymous_2)
FNF:3
FNH:3
FNDA:2,(anonymous_0)
FNDA:1,(anonymous_1)
FNDA:1,(anonymous_2)
DA:5,3
DA:14,2
DA:15,2
DA:16,2
DA:18,2
DA:22,2
DA:23,2
DA:26,1
DA:27,1
DA:28,1
DA:31,1
DA:36,3
LF:12
LH:12
BRF:0
BRH:0
end_of_record
TN:
SF:src\redux\store.js
FNF:0
FNH:0
DA:4,1
LF:1
LH:1
BRF:0
BRH:0
end_of_record
TN:
SF:src\services\api.js
FN:19,(anonymous_0)
FN:20,(anonymous_1)
FN:22,(anonymous_2)
FN:26,(anonymous_3)
FN:43,(anonymous_4)
FN:46,(anonymous_5)
FN:70,(anonymous_6)
FN:91,(anonymous_7)
FN:92,(anonymous_8)
FNF:9
FNH:6
FNDA:5,(anonymous_0)
FNDA:5,(anonymous_1)
FNDA:0,(anonymous_2)
FNDA:2,(anonymous_3)
FNDA:0,(anonymous_4)
FNDA:3,(anonymous_5)
FNDA:9,(anonymous_6)
FNDA:0,(anonymous_7)
FNDA:2,(anonymous_8)
DA:6,8
DA:11,8
DA:16,8
DA:17,8
DA:19,8
DA:20,8
DA:22,8
DA:23,0
DA:26,8
DA:27,2
DA:28,2
DA:30,2
DA:31,2
DA:33,2
DA:34,2
DA:36,2
DA:38,0
DA:39,0
DA:43,8
DA:46,8
DA:47,3
DA:48,3
DA:50,3
DA:51,1
DA:52,1
DA:57,3
DA:58,3
DA:60,3
DA:61,3
DA:63,3
DA:70,3
DA:71,9
DA:73,3
DA:74,3
DA:75,3
DA:77,3
DA:78,1
DA:79,1
DA:80,1
DA:82,0
DA:86,3
DA:87,3
DA:90,8
DA:91,0
DA:93,2
DA:94,2
DA:96,2
DA:97,2
DA:99,2
DA:100,2
DA:102,1
DA:103,1
DA:105,1
DA:108,1
DA:111,1
DA:112,1
DA:113,1
DA:115,1
DA:119,0
LF:59
LH:53
BRDA:50,0,0,1
BRDA:50,0,1,2
BRDA:77,1,0,1
BRDA:77,1,1,2
BRDA:77,2,0,3
BRDA:77,2,1,2
BRDA:78,3,0,1
BRDA:78,3,1,0
BRDA:96,4,0,2
BRDA:96,4,1,0
BRDA:96,5,0,2
BRDA:96,5,1,2
BRF:12
BRH:10
end_of_record
TN:
SF:src\services\authService.js
FN:4,(anonymous_0)
FN:11,(anonymous_1)
FN:19,(anonymous_2)
FN:35,(anonymous_3)
FN:43,(anonymous_4)
FN:48,(anonymous_5)
FN:54,(anonymous_6)
FNF:7
FNH:7
FNDA:8,(anonymous_0)
FNDA:2,(anonymous_1)
FNDA:2,(anonymous_2)
FNDA:1,(anonymous_3)
FNDA:2,(anonymous_4)
FNDA:1,(anonymous_5)
FNDA:1,(anonymous_6)
DA:4,9
DA:5,8
DA:6,3
DA:8,5
DA:11,9
DA:12,2
DA:16,2
DA:19,9
DA:20,2
DA:24,2
DA:26,2
DA:27,2
DA:29,2
DA:30,2
DA:32,1
DA:35,9
DA:36,1
DA:40,1
DA:43,9
DA:44,2
DA:45,2
DA:48,9
DA:49,1
DA:50,1
DA:51,1
DA:54,9
DA:55,1
DA:56,1
DA:57,1
LF:29
LH:29
BRDA:5,0,0,3
BRDA:5,0,1,5
BRDA:6,1,0,3
BRDA:6,1,1,1
BRF:4
BRH:4
end_of_record
TN:
SF:src\utils\logger.js
FN:3,(anonymous_0)
FN:9,(anonymous_1)
FNF:2
FNH:1
FNDA:23,(anonymous_0)
FNDA:0,(anonymous_1)
DA:1,14
DA:3,14
DA:4,23
DA:5,0
DA:9,14
DA:10,0
DA:11,0
LF:7
LH:4
BRDA:4,0,0,0
BRDA:4,0,1,23
BRDA:10,1,0,0
BRDA:10,1,1,0
BRF:4
BRH:1
end_of_record
TN:
SF:src\utils\registerSchema.js
FNF:0
FNH:0
DA:11,1
LF:1
LH:1
BRF:0
BRH:0
end_of_record
