{"C:\\ohjelmointi\\secprog\\secure-auth-app\\backend\\database.js": {"path":"C:\\ohjelmointi\\secprog\\secure-auth-app\\backend\\database.js","statementMap":{"0":{"start":{"line":1,"column":16},"end":{"line":1,"column":44}},"1":{"start":{"line":2,"column":13},"end":{"line":2,"column":28}},"2":{"start":{"line":3,"column":11},"end":{"line":3,"column":24}},"3":{"start":{"line":5,"column":16},"end":{"line":5,"column":47}},"4":{"start":{"line":6,"column":15},"end":{"line":6,"column":48}},"5":{"start":{"line":8,"column":0},"end":{"line":10,"column":1}},"6":{"start":{"line":9,"column":4},"end":{"line":9,"column":47}},"7":{"start":{"line":12,"column":16},"end":{"line":12,"column":38}},"8":{"start":{"line":14,"column":11},"end":{"line":24,"column":2}},"9":{"start":{"line":15,"column":4},"end":{"line":23,"column":5}},"10":{"start":{"line":16,"column":8},"end":{"line":16,"column":57}},"11":{"start":{"line":18,"column":8},"end":{"line":22,"column":10}},"12":{"start":{"line":26,"column":0},"end":{"line":44,"column":1}},"13":{"start":{"line":27,"column":4},"end":{"line":43,"column":7}},"14":{"start":{"line":28,"column":8},"end":{"line":42,"column":11}},"15":{"start":{"line":37,"column":12},"end":{"line":41,"column":13}},"16":{"start":{"line":38,"column":16},"end":{"line":38,"column":60}},"17":{"start":{"line":40,"column":12},"end":{"line":40,"column":47}},"18":{"start":{"line":46,"column":0},"end":{"line":46,"column":20}}},"fnMap":{"0":{"name":"(anonymous_0)","decl":{"start":{"line":14,"column":40},"end":{"line":14,"column":41}},"loc":{"start":{"line":14,"column":49},"end":{"line":24,"column":1}},"line":14},"1":{"name":"(anonymous_1)","decl":{"start":{"line":27,"column":17},"end":{"line":27,"column":18}},"loc":{"start":{"line":27,"column":23},"end":{"line":43,"column":5}},"line":27},"2":{"name":"(anonymous_2)","decl":{"start":{"line":36,"column":11},"end":{"line":36,"column":12}},"loc":{"start":{"line":36,"column":20},"end":{"line":42,"column":9}},"line":36}},"branchMap":{"0":{"loc":{"start":{"line":8,"column":0},"end":{"line":10,"column":1}},"type":"if","locations":[{"start":{"line":8,"column":0},"end":{"line":10,"column":1}},{"start":{},"end":{}}],"line":8},"1":{"loc":{"start":{"line":15,"column":4},"end":{"line":23,"column":5}},"type":"if","locations":[{"start":{"line":15,"column":4},"end":{"line":23,"column":5}},{"start":{"line":17,"column":11},"end":{"line":23,"column":5}}],"line":15},"2":{"loc":{"start":{"line":19,"column":12},"end":{"line":21,"column":41}},"type":"cond-expr","locations":[{"start":{"line":20,"column":18},"end":{"line":20,"column":58}},{"start":{"line":21,"column":18},"end":{"line":21,"column":41}}],"line":19},"3":{"loc":{"start":{"line":26,"column":0},"end":{"line":44,"column":1}},"type":"if","locations":[{"start":{"line":26,"column":0},"end":{"line":44,"column":1}},{"start":{},"end":{}}],"line":26},"4":{"loc":{"start":{"line":37,"column":12},"end":{"line":41,"column":13}},"type":"if","locations":[{"start":{"line":37,"column":12},"end":{"line":41,"column":13}},{"start":{"line":39,"column":19},"end":{"line":41,"column":13}}],"line":37}},"s":{"0":1,"1":1,"2":1,"3":1,"4":1,"5":1,"6":0,"7":1,"8":1,"9":1,"10":0,"11":1,"12":1,"13":0,"14":0,"15":0,"16":0,"17":0,"18":1},"f":{"0":1,"1":0,"2":0},"b":{"0":[0,1],"1":[0,1],"2":[0,1],"3":[0,1],"4":[0,0]},"_coverageSchema":"1a1c01bbd47fc00a2c39e90264f33305004495a9","hash":"f0bde2df620e00251e0f0c45e1280d0975f285dd"}
,"C:\\ohjelmointi\\secprog\\secure-auth-app\\backend\\server.js": {"path":"C:\\ohjelmointi\\secprog\\secure-auth-app\\backend\\server.js","statementMap":{"0":{"start":{"line":1,"column":0},"end":{"line":1,"column":27}},"1":{"start":{"line":2,"column":0},"end":{"line":2,"column":22}},"2":{"start":{"line":4,"column":16},"end":{"line":4,"column":34}},"3":{"start":{"line":5,"column":13},"end":{"line":5,"column":28}},"4":{"start":{"line":6,"column":15},"end":{"line":6,"column":32}},"5":{"start":{"line":7,"column":18},"end":{"line":7,"column":47}},"6":{"start":{"line":8,"column":21},"end":{"line":8,"column":45}},"7":{"start":{"line":10,"column":16},"end":{"line":10,"column":42}},"8":{"start":{"line":11,"column":23},"end":{"line":11,"column":47}},"9":{"start":{"line":12,"column":25},"end":{"line":12,"column":41}},"10":{"start":{"line":14,"column":15},"end":{"line":14,"column":32}},"11":{"start":{"line":16,"column":19},"end":{"line":16,"column":49}},"12":{"start":{"line":17,"column":19},"end":{"line":17,"column":49}},"13":{"start":{"line":19,"column":32},"end":{"line":19,"column":71}},"14":{"start":{"line":20,"column":23},"end":{"line":20,"column":61}},"15":{"start":{"line":22,"column":12},"end":{"line":22,"column":21}},"16":{"start":{"line":23,"column":13},"end":{"line":23,"column":17}},"17":{"start":{"line":26,"column":15},"end":{"line":26,"column":46}},"18":{"start":{"line":28,"column":14},"end":{"line":28,"column":54}},"19":{"start":{"line":31,"column":4},"end":{"line":32,"column":35}},"20":{"start":{"line":34,"column":0},"end":{"line":36,"column":1}},"21":{"start":{"line":35,"column":4},"end":{"line":35,"column":59}},"22":{"start":{"line":38,"column":23},"end":{"line":41,"column":1}},"23":{"start":{"line":43,"column":20},"end":{"line":45,"column":2}},"24":{"start":{"line":47,"column":0},"end":{"line":49,"column":3}},"25":{"start":{"line":48,"column":4},"end":{"line":48,"column":39}},"26":{"start":{"line":53,"column":0},"end":{"line":53,"column":18}},"27":{"start":{"line":55,"column":0},"end":{"line":66,"column":4}},"28":{"start":{"line":57,"column":8},"end":{"line":59,"column":9}},"29":{"start":{"line":58,"column":12},"end":{"line":58,"column":40}},"30":{"start":{"line":60,"column":8},"end":{"line":60,"column":58}},"31":{"start":{"line":68,"column":0},"end":{"line":68,"column":24}},"32":{"start":{"line":70,"column":0},"end":{"line":70,"column":24}},"33":{"start":{"line":73,"column":4},"end":{"line":91,"column":7}},"34":{"start":{"line":94,"column":0},"end":{"line":94,"column":25}},"35":{"start":{"line":96,"column":16},"end":{"line":99,"column":2}},"36":{"start":{"line":101,"column":0},"end":{"line":109,"column":1}},"37":{"start":{"line":102,"column":4},"end":{"line":108,"column":7}},"38":{"start":{"line":103,"column":8},"end":{"line":103,"column":43}},"39":{"start":{"line":104,"column":8},"end":{"line":104,"column":39}},"40":{"start":{"line":105,"column":8},"end":{"line":105,"column":65}},"41":{"start":{"line":106,"column":8},"end":{"line":106,"column":52}},"42":{"start":{"line":107,"column":8},"end":{"line":107,"column":15}},"43":{"start":{"line":112,"column":0},"end":{"line":117,"column":3}},"44":{"start":{"line":113,"column":4},"end":{"line":115,"column":5}},"45":{"start":{"line":114,"column":8},"end":{"line":114,"column":82}},"46":{"start":{"line":116,"column":4},"end":{"line":116,"column":51}},"47":{"start":{"line":119,"column":0},"end":{"line":119,"column":49}},"48":{"start":{"line":119,"column":33},"end":{"line":119,"column":47}},"49":{"start":{"line":123,"column":0},"end":{"line":123,"column":33}},"50":{"start":{"line":127,"column":0},"end":{"line":127,"column":58}},"51":{"start":{"line":130,"column":0},"end":{"line":133,"column":2}},"52":{"start":{"line":131,"column":4},"end":{"line":131,"column":23}},"53":{"start":{"line":132,"column":4},"end":{"line":132,"column":52}},"54":{"start":{"line":136,"column":4},"end":{"line":148,"column":5}},"55":{"start":{"line":138,"column":8},"end":{"line":140,"column":9}},"56":{"start":{"line":139,"column":12},"end":{"line":139,"column":40}},"57":{"start":{"line":142,"column":8},"end":{"line":144,"column":11}},"58":{"start":{"line":143,"column":12},"end":{"line":143,"column":43}},"59":{"start":{"line":146,"column":8},"end":{"line":146,"column":56}},"60":{"start":{"line":147,"column":8},"end":{"line":147,"column":24}},"61":{"start":{"line":151,"column":0},"end":{"line":153,"column":1}},"62":{"start":{"line":152,"column":4},"end":{"line":152,"column":18}},"63":{"start":{"line":155,"column":0},"end":{"line":155,"column":49}}},"fnMap":{"0":{"name":"(anonymous_0)","decl":{"start":{"line":47,"column":24},"end":{"line":47,"column":25}},"loc":{"start":{"line":47,"column":33},"end":{"line":49,"column":1}},"line":47},"1":{"name":"(anonymous_1)","decl":{"start":{"line":56,"column":12},"end":{"line":56,"column":13}},"loc":{"start":{"line":56,"column":40},"end":{"line":61,"column":5}},"line":56},"2":{"name":"createSession","decl":{"start":{"line":72,"column":9},"end":{"line":72,"column":22}},"loc":{"start":{"line":72,"column":25},"end":{"line":92,"column":1}},"line":72},"3":{"name":"(anonymous_3)","decl":{"start":{"line":102,"column":12},"end":{"line":102,"column":13}},"loc":{"start":{"line":102,"column":32},"end":{"line":108,"column":5}},"line":102},"4":{"name":"(anonymous_4)","decl":{"start":{"line":112,"column":27},"end":{"line":112,"column":28}},"loc":{"start":{"line":112,"column":41},"end":{"line":117,"column":1}},"line":112},"5":{"name":"(anonymous_5)","decl":{"start":{"line":119,"column":19},"end":{"line":119,"column":20}},"loc":{"start":{"line":119,"column":33},"end":{"line":119,"column":47}},"line":119},"6":{"name":"(anonymous_6)","decl":{"start":{"line":130,"column":8},"end":{"line":130,"column":9}},"loc":{"start":{"line":130,"column":33},"end":{"line":133,"column":1}},"line":130},"7":{"name":"startServer","decl":{"start":{"line":135,"column":15},"end":{"line":135,"column":26}},"loc":{"start":{"line":135,"column":29},"end":{"line":149,"column":1}},"line":135},"8":{"name":"(anonymous_8)","decl":{"start":{"line":142,"column":32},"end":{"line":142,"column":33}},"loc":{"start":{"line":142,"column":38},"end":{"line":144,"column":9}},"line":142}},"branchMap":{"0":{"loc":{"start":{"line":31,"column":4},"end":{"line":32,"column":35}},"type":"binary-expr","locations":[{"start":{"line":31,"column":4},"end":{"line":31,"column":30}},{"start":{"line":32,"column":5},"end":{"line":32,"column":34}}],"line":31},"1":{"loc":{"start":{"line":32,"column":5},"end":{"line":32,"column":34}},"type":"cond-expr","locations":[{"start":{"line":32,"column":14},"end":{"line":32,"column":27}},{"start":{"line":32,"column":30},"end":{"line":32,"column":34}}],"line":32},"2":{"loc":{"start":{"line":34,"column":0},"end":{"line":36,"column":1}},"type":"if","locations":[{"start":{"line":34,"column":0},"end":{"line":36,"column":1}},{"start":{},"end":{}}],"line":34},"3":{"loc":{"start":{"line":44,"column":9},"end":{"line":44,"column":58}},"type":"binary-expr","locations":[{"start":{"line":44,"column":9},"end":{"line":44,"column":30}},{"start":{"line":44,"column":34},"end":{"line":44,"column":58}}],"line":44},"4":{"loc":{"start":{"line":57,"column":8},"end":{"line":59,"column":9}},"type":"if","locations":[{"start":{"line":57,"column":8},"end":{"line":59,"column":9}},{"start":{},"end":{}}],"line":57},"5":{"loc":{"start":{"line":57,"column":12},"end":{"line":57,"column":54}},"type":"binary-expr","locations":[{"start":{"line":57,"column":12},"end":{"line":57,"column":19}},{"start":{"line":57,"column":23},"end":{"line":57,"column":54}}],"line":57},"6":{"loc":{"start":{"line":74,"column":15},"end":{"line":79,"column":14}},"type":"cond-expr","locations":[{"start":{"line":75,"column":14},"end":{"line":75,"column":23}},{"start":{"line":76,"column":14},"end":{"line":79,"column":14}}],"line":74},"7":{"loc":{"start":{"line":101,"column":0},"end":{"line":109,"column":1}},"type":"if","locations":[{"start":{"line":101,"column":0},"end":{"line":109,"column":1}},{"start":{},"end":{}}],"line":101},"8":{"loc":{"start":{"line":113,"column":4},"end":{"line":115,"column":5}},"type":"if","locations":[{"start":{"line":113,"column":4},"end":{"line":115,"column":5}},{"start":{},"end":{}}],"line":113},"9":{"loc":{"start":{"line":138,"column":8},"end":{"line":140,"column":9}},"type":"if","locations":[{"start":{"line":138,"column":8},"end":{"line":140,"column":9}},{"start":{},"end":{}}],"line":138},"10":{"loc":{"start":{"line":151,"column":0},"end":{"line":153,"column":1}},"type":"if","locations":[{"start":{"line":151,"column":0},"end":{"line":153,"column":1}},{"start":{},"end":{}}],"line":151}},"s":{"0":1,"1":1,"2":1,"3":1,"4":1,"5":1,"6":1,"7":1,"8":1,"9":1,"10":1,"11":1,"12":1,"13":1,"14":1,"15":1,"16":1,"17":1,"18":1,"19":1,"20":1,"21":0,"22":1,"23":1,"24":1,"25":0,"26":1,"27":1,"28":3,"29":3,"30":0,"31":1,"32":1,"33":1,"34":1,"35":1,"36":1,"37":0,"38":0,"39":0,"40":0,"41":0,"42":0,"43":1,"44":1,"45":1,"46":1,"47":1,"48":0,"49":1,"50":1,"51":1,"52":0,"53":0,"54":1,"55":1,"56":0,"57":1,"58":1,"59":0,"60":0,"61":1,"62":0,"63":1},"f":{"0":0,"1":3,"2":1,"3":0,"4":1,"5":0,"6":0,"7":1,"8":1},"b":{"0":[1,0],"1":[0,0],"2":[0,1],"3":[1,0],"4":[3,0],"5":[3,0],"6":[1,0],"7":[0,1],"8":[1,0],"9":[0,1],"10":[0,1]},"_coverageSchema":"1a1c01bbd47fc00a2c39e90264f33305004495a9","hash":"5744b6e694dafedbe4b7f1ca70d623bcc0132750"}
,"C:\\ohjelmointi\\secprog\\secure-auth-app\\backend\\controllers\\authController.js": {"path":"C:\\ohjelmointi\\secprog\\secure-auth-app\\backend\\controllers\\authController.js","statementMap":{"0":{"start":{"line":1,"column":21},"end":{"line":1,"column":35}},"1":{"start":{"line":2,"column":20},"end":{"line":2,"column":54}},"2":{"start":{"line":3,"column":16},"end":{"line":3,"column":42}},"3":{"start":{"line":17,"column":0},"end":{"line":50,"column":2}},"4":{"start":{"line":18,"column":4},"end":{"line":49,"column":5}},"5":{"start":{"line":20,"column":23},"end":{"line":20,"column":59}},"6":{"start":{"line":22,"column":8},"end":{"line":25,"column":11}},"7":{"start":{"line":28,"column":8},"end":{"line":34,"column":9}},"8":{"start":{"line":29,"column":12},"end":{"line":33,"column":15}},"9":{"start":{"line":36,"column":8},"end":{"line":41,"column":9}},"10":{"start":{"line":37,"column":12},"end":{"line":40,"column":15}},"11":{"start":{"line":43,"column":8},"end":{"line":43,"column":35}},"12":{"start":{"line":45,"column":8},"end":{"line":48,"column":11}},"13":{"start":{"line":65,"column":0},"end":{"line":94,"column":2}},"14":{"start":{"line":66,"column":4},"end":{"line":93,"column":5}},"15":{"start":{"line":69,"column":23},"end":{"line":69,"column":56}},"16":{"start":{"line":72,"column":8},"end":{"line":77,"column":11}},"17":{"start":{"line":79,"column":8},"end":{"line":85,"column":11}},"18":{"start":{"line":89,"column":8},"end":{"line":92,"column":11}},"19":{"start":{"line":110,"column":0},"end":{"line":164,"column":2}},"20":{"start":{"line":111,"column":4},"end":{"line":163,"column":5}},"21":{"start":{"line":113,"column":8},"end":{"line":113,"column":45}},"22":{"start":{"line":114,"column":8},"end":{"line":114,"column":31}},"23":{"start":{"line":115,"column":8},"end":{"line":115,"column":42}},"24":{"start":{"line":117,"column":22},"end":{"line":117,"column":46}},"25":{"start":{"line":119,"column":8},"end":{"line":121,"column":9}},"26":{"start":{"line":120,"column":12},"end":{"line":120,"column":41}},"27":{"start":{"line":123,"column":8},"end":{"line":123,"column":36}},"28":{"start":{"line":126,"column":8},"end":{"line":130,"column":11}},"29":{"start":{"line":133,"column":8},"end":{"line":153,"column":11}},"30":{"start":{"line":135,"column":12},"end":{"line":142,"column":13}},"31":{"start":{"line":137,"column":16},"end":{"line":137,"column":51}},"32":{"start":{"line":139,"column":16},"end":{"line":141,"column":19}},"33":{"start":{"line":145,"column":12},"end":{"line":145,"column":35}},"34":{"start":{"line":147,"column":12},"end":{"line":152,"column":15}},"35":{"start":{"line":157,"column":8},"end":{"line":157,"column":34}},"36":{"start":{"line":159,"column":8},"end":{"line":162,"column":11}},"37":{"start":{"line":178,"column":0},"end":{"line":209,"column":2}},"38":{"start":{"line":179,"column":4},"end":{"line":208,"column":5}},"39":{"start":{"line":182,"column":22},"end":{"line":182,"column":46}},"40":{"start":{"line":184,"column":8},"end":{"line":189,"column":9}},"41":{"start":{"line":185,"column":12},"end":{"line":188,"column":15}},"42":{"start":{"line":192,"column":28},"end":{"line":192,"column":60}},"43":{"start":{"line":194,"column":8},"end":{"line":199,"column":11}},"44":{"start":{"line":204,"column":8},"end":{"line":207,"column":11}},"45":{"start":{"line":224,"column":0},"end":{"line":242,"column":2}},"46":{"start":{"line":225,"column":4},"end":{"line":241,"column":5}},"47":{"start":{"line":228,"column":23},"end":{"line":228,"column":61}},"48":{"start":{"line":230,"column":8},"end":{"line":233,"column":11}},"49":{"start":{"line":237,"column":8},"end":{"line":240,"column":11}}},"fnMap":{"0":{"name":"(anonymous_0)","decl":{"start":{"line":17,"column":19},"end":{"line":17,"column":20}},"loc":{"start":{"line":17,"column":39},"end":{"line":50,"column":1}},"line":17},"1":{"name":"(anonymous_1)","decl":{"start":{"line":65,"column":16},"end":{"line":65,"column":17}},"loc":{"start":{"line":65,"column":36},"end":{"line":94,"column":1}},"line":65},"2":{"name":"(anonymous_2)","decl":{"start":{"line":110,"column":17},"end":{"line":110,"column":18}},"loc":{"start":{"line":110,"column":37},"end":{"line":164,"column":1}},"line":110},"3":{"name":"(anonymous_3)","decl":{"start":{"line":133,"column":48},"end":{"line":133,"column":49}},"loc":{"start":{"line":133,"column":57},"end":{"line":153,"column":9}},"line":133},"4":{"name":"(anonymous_4)","decl":{"start":{"line":178,"column":18},"end":{"line":178,"column":19}},"loc":{"start":{"line":178,"column":38},"end":{"line":209,"column":1}},"line":178},"5":{"name":"(anonymous_5)","decl":{"start":{"line":224,"column":20},"end":{"line":224,"column":21}},"loc":{"start":{"line":224,"column":40},"end":{"line":242,"column":1}},"line":224}},"branchMap":{"0":{"loc":{"start":{"line":28,"column":8},"end":{"line":34,"column":9}},"type":"if","locations":[{"start":{"line":28,"column":8},"end":{"line":34,"column":9}},{"start":{},"end":{}}],"line":28},"1":{"loc":{"start":{"line":36,"column":8},"end":{"line":41,"column":9}},"type":"if","locations":[{"start":{"line":36,"column":8},"end":{"line":41,"column":9}},{"start":{},"end":{}}],"line":36},"2":{"loc":{"start":{"line":119,"column":8},"end":{"line":121,"column":9}},"type":"if","locations":[{"start":{"line":119,"column":8},"end":{"line":121,"column":9}},{"start":{},"end":{}}],"line":119},"3":{"loc":{"start":{"line":135,"column":12},"end":{"line":142,"column":13}},"type":"if","locations":[{"start":{"line":135,"column":12},"end":{"line":142,"column":13}},{"start":{},"end":{}}],"line":135},"4":{"loc":{"start":{"line":184,"column":8},"end":{"line":189,"column":9}},"type":"if","locations":[{"start":{"line":184,"column":8},"end":{"line":189,"column":9}},{"start":{},"end":{}}],"line":184}},"s":{"0":2,"1":2,"2":2,"3":2,"4":2,"5":2,"6":1,"7":1,"8":0,"9":1,"10":0,"11":1,"12":1,"13":2,"14":3,"15":3,"16":1,"17":1,"18":2,"19":2,"20":3,"21":3,"22":3,"23":3,"24":3,"25":3,"26":1,"27":2,"28":2,"29":2,"30":2,"31":1,"32":1,"33":1,"34":1,"35":0,"36":0,"37":2,"38":3,"39":3,"40":3,"41":1,"42":2,"43":1,"44":1,"45":2,"46":2,"47":2,"48":1,"49":1},"f":{"0":2,"1":3,"2":3,"3":2,"4":3,"5":2},"b":{"0":[0,1],"1":[0,1],"2":[1,2],"3":[1,1],"4":[1,2]},"_coverageSchema":"1a1c01bbd47fc00a2c39e90264f33305004495a9","hash":"5d1de9009eca51a5b90ecce3b7ced373bf435150"}
,"C:\\ohjelmointi\\secprog\\secure-auth-app\\backend\\middleware\\authAccessToken.js": {"path":"C:\\ohjelmointi\\secprog\\secure-auth-app\\backend\\middleware\\authAccessToken.js","statementMap":{"0":{"start":{"line":1,"column":12},"end":{"line":1,"column":35}},"1":{"start":{"line":2,"column":16},"end":{"line":2,"column":42}},"2":{"start":{"line":29,"column":4},"end":{"line":29,"column":59}},"3":{"start":{"line":30,"column":4},"end":{"line":30,"column":36}},"4":{"start":{"line":31,"column":4},"end":{"line":31,"column":60}},"5":{"start":{"line":32,"column":4},"end":{"line":32,"column":40}},"6":{"start":{"line":33,"column":4},"end":{"line":33,"column":38}},"7":{"start":{"line":34,"column":4},"end":{"line":34,"column":36}},"8":{"start":{"line":36,"column":23},"end":{"line":36,"column":48}},"9":{"start":{"line":38,"column":4},"end":{"line":41,"column":5}},"10":{"start":{"line":39,"column":8},"end":{"line":39,"column":55}},"11":{"start":{"line":40,"column":8},"end":{"line":40,"column":71}},"12":{"start":{"line":43,"column":18},"end":{"line":43,"column":43}},"13":{"start":{"line":44,"column":4},"end":{"line":44,"column":35}},"14":{"start":{"line":46,"column":4},"end":{"line":49,"column":5}},"15":{"start":{"line":47,"column":8},"end":{"line":47,"column":57}},"16":{"start":{"line":48,"column":8},"end":{"line":48,"column":71}},"17":{"start":{"line":51,"column":4},"end":{"line":66,"column":5}},"18":{"start":{"line":53,"column":24},"end":{"line":53,"column":68}},"19":{"start":{"line":55,"column":8},"end":{"line":55,"column":38}},"20":{"start":{"line":59,"column":8},"end":{"line":59,"column":27}},"21":{"start":{"line":62,"column":8},"end":{"line":62,"column":15}},"22":{"start":{"line":64,"column":8},"end":{"line":64,"column":53}},"23":{"start":{"line":65,"column":8},"end":{"line":65,"column":71}},"24":{"start":{"line":69,"column":0},"end":{"line":69,"column":41}}},"fnMap":{"0":{"name":"authenticateAccessToken","decl":{"start":{"line":26,"column":9},"end":{"line":26,"column":32}},"loc":{"start":{"line":26,"column":49},"end":{"line":67,"column":1}},"line":26}},"branchMap":{"0":{"loc":{"start":{"line":38,"column":4},"end":{"line":41,"column":5}},"type":"if","locations":[{"start":{"line":38,"column":4},"end":{"line":41,"column":5}},{"start":{},"end":{}}],"line":38},"1":{"loc":{"start":{"line":46,"column":4},"end":{"line":49,"column":5}},"type":"if","locations":[{"start":{"line":46,"column":4},"end":{"line":49,"column":5}},{"start":{},"end":{}}],"line":46}},"s":{"0":2,"1":2,"2":8,"3":8,"4":8,"5":8,"6":8,"7":8,"8":8,"9":8,"10":2,"11":2,"12":6,"13":6,"14":6,"15":2,"16":2,"17":4,"18":4,"19":3,"20":3,"21":3,"22":1,"23":1,"24":2},"f":{"0":8},"b":{"0":[2,6],"1":[2,4]},"_coverageSchema":"1a1c01bbd47fc00a2c39e90264f33305004495a9","hash":"a6701612d325fcd703c02fae22b611bd7303687b"}
,"C:\\ohjelmointi\\secprog\\secure-auth-app\\backend\\middleware\\csrfMiddleware.js": {"path":"C:\\ohjelmointi\\secprog\\secure-auth-app\\backend\\middleware\\csrfMiddleware.js","statementMap":{"0":{"start":{"line":1,"column":16},"end":{"line":1,"column":42}},"1":{"start":{"line":23,"column":4},"end":{"line":23,"column":39}},"2":{"start":{"line":24,"column":4},"end":{"line":24,"column":54}},"3":{"start":{"line":25,"column":4},"end":{"line":25,"column":49}},"4":{"start":{"line":26,"column":4},"end":{"line":26,"column":38}},"5":{"start":{"line":27,"column":4},"end":{"line":27,"column":40}},"6":{"start":{"line":29,"column":19},"end":{"line":29,"column":46}},"7":{"start":{"line":30,"column":25},"end":{"line":30,"column":47}},"8":{"start":{"line":33,"column":4},"end":{"line":36,"column":5}},"9":{"start":{"line":34,"column":8},"end":{"line":34,"column":41}},"10":{"start":{"line":35,"column":8},"end":{"line":35,"column":70}},"11":{"start":{"line":39,"column":4},"end":{"line":42,"column":5}},"12":{"start":{"line":40,"column":8},"end":{"line":40,"column":48}},"13":{"start":{"line":41,"column":8},"end":{"line":41,"column":77}},"14":{"start":{"line":45,"column":4},"end":{"line":48,"column":5}},"15":{"start":{"line":46,"column":8},"end":{"line":46,"column":41}},"16":{"start":{"line":47,"column":8},"end":{"line":47,"column":69}},"17":{"start":{"line":50,"column":4},"end":{"line":50,"column":11}},"18":{"start":{"line":53,"column":0},"end":{"line":53,"column":32}}},"fnMap":{"0":{"name":"csrfMiddleware","decl":{"start":{"line":22,"column":9},"end":{"line":22,"column":23}},"loc":{"start":{"line":22,"column":40},"end":{"line":51,"column":1}},"line":22}},"branchMap":{"0":{"loc":{"start":{"line":33,"column":4},"end":{"line":36,"column":5}},"type":"if","locations":[{"start":{"line":33,"column":4},"end":{"line":36,"column":5}},{"start":{},"end":{}}],"line":33},"1":{"loc":{"start":{"line":39,"column":4},"end":{"line":42,"column":5}},"type":"if","locations":[{"start":{"line":39,"column":4},"end":{"line":42,"column":5}},{"start":{},"end":{}}],"line":39},"2":{"loc":{"start":{"line":45,"column":4},"end":{"line":48,"column":5}},"type":"if","locations":[{"start":{"line":45,"column":4},"end":{"line":48,"column":5}},{"start":{},"end":{}}],"line":45}},"s":{"0":1,"1":0,"2":0,"3":0,"4":0,"5":0,"6":0,"7":0,"8":0,"9":0,"10":0,"11":0,"12":0,"13":0,"14":0,"15":0,"16":0,"17":0,"18":1},"f":{"0":0},"b":{"0":[0,0],"1":[0,0],"2":[0,0]},"_coverageSchema":"1a1c01bbd47fc00a2c39e90264f33305004495a9","hash":"06cdf1fc13369895cc70f9f34210a3edf20d2f73"}
,"C:\\ohjelmointi\\secprog\\secure-auth-app\\backend\\middleware\\rateLimit.js": {"path":"C:\\ohjelmointi\\secprog\\secure-auth-app\\backend\\middleware\\rateLimit.js","statementMap":{"0":{"start":{"line":1,"column":18},"end":{"line":1,"column":47}},"1":{"start":{"line":21,"column":20},"end":{"line":30,"column":2}},"2":{"start":{"line":32,"column":0},"end":{"line":32,"column":29}}},"fnMap":{},"branchMap":{},"s":{"0":1,"1":1,"2":1},"f":{},"b":{},"_coverageSchema":"1a1c01bbd47fc00a2c39e90264f33305004495a9","hash":"fd5c7c9f37df1e213cf26466c690249564bd2ef5"}
,"C:\\ohjelmointi\\secprog\\secure-auth-app\\backend\\routes\\authRoutes.js": {"path":"C:\\ohjelmointi\\secprog\\secure-auth-app\\backend\\routes\\authRoutes.js","statementMap":{"0":{"start":{"line":1,"column":16},"end":{"line":1,"column":34}},"1":{"start":{"line":2,"column":15},"end":{"line":2,"column":31}},"2":{"start":{"line":4,"column":23},"end":{"line":4,"column":63}},"3":{"start":{"line":5,"column":20},"end":{"line":5,"column":54}},"4":{"start":{"line":6,"column":23},"end":{"line":6,"column":62}},"5":{"start":{"line":7,"column":32},"end":{"line":7,"column":72}},"6":{"start":{"line":28,"column":0},"end":{"line":28,"column":63}},"7":{"start":{"line":29,"column":0},"end":{"line":29,"column":57}},"8":{"start":{"line":31,"column":0},"end":{"line":31,"column":48}},"9":{"start":{"line":34,"column":0},"end":{"line":34,"column":52}},"10":{"start":{"line":47,"column":0},"end":{"line":49,"column":67}},"11":{"start":{"line":48,"column":4},"end":{"line":48,"column":11}},"12":{"start":{"line":51,"column":0},"end":{"line":51,"column":24}}},"fnMap":{"0":{"name":"(anonymous_0)","decl":{"start":{"line":47,"column":23},"end":{"line":47,"column":24}},"loc":{"start":{"line":47,"column":43},"end":{"line":49,"column":1}},"line":47}},"branchMap":{},"s":{"0":1,"1":1,"2":1,"3":1,"4":1,"5":1,"6":1,"7":1,"8":1,"9":1,"10":1,"11":0,"12":1},"f":{"0":0},"b":{},"_coverageSchema":"1a1c01bbd47fc00a2c39e90264f33305004495a9","hash":"fe04b99843334f8e2e5aaf81f46b3b1e00449193"}
,"C:\\ohjelmointi\\secprog\\secure-auth-app\\backend\\routes\\userRoutes.js": {"path":"C:\\ohjelmointi\\secprog\\secure-auth-app\\backend\\routes\\userRoutes.js","statementMap":{"0":{"start":{"line":1,"column":16},"end":{"line":1,"column":34}},"1":{"start":{"line":2,"column":15},"end":{"line":2,"column":31}},"2":{"start":{"line":14,"column":0},"end":{"line":19,"column":3}},"3":{"start":{"line":15,"column":4},"end":{"line":18,"column":7}},"4":{"start":{"line":21,"column":0},"end":{"line":21,"column":24}}},"fnMap":{"0":{"name":"(anonymous_0)","decl":{"start":{"line":14,"column":23},"end":{"line":14,"column":24}},"loc":{"start":{"line":14,"column":37},"end":{"line":19,"column":1}},"line":14}},"branchMap":{},"s":{"0":1,"1":1,"2":1,"3":0,"4":1},"f":{"0":0},"b":{},"_coverageSchema":"1a1c01bbd47fc00a2c39e90264f33305004495a9","hash":"49187a52c0dfef32373538447430202449954a9c"}
,"C:\\ohjelmointi\\secprog\\secure-auth-app\\backend\\services\\authService.js": {"path":"C:\\ohjelmointi\\secprog\\secure-auth-app\\backend\\services\\authService.js","statementMap":{"0":{"start":{"line":1,"column":11},"end":{"line":1,"column":33}},"1":{"start":{"line":2,"column":15},"end":{"line":2,"column":32}},"2":{"start":{"line":3,"column":12},"end":{"line":3,"column":35}},"3":{"start":{"line":4,"column":23},"end":{"line":4,"column":40}},"4":{"start":{"line":5,"column":23},"end":{"line":5,"column":53}},"5":{"start":{"line":6,"column":16},"end":{"line":6,"column":42}},"6":{"start":{"line":8,"column":22},"end":{"line":8,"column":47}},"7":{"start":{"line":9,"column":23},"end":{"line":9,"column":49}},"8":{"start":{"line":19,"column":14},"end":{"line":26,"column":1}},"9":{"start":{"line":20,"column":4},"end":{"line":25,"column":7}},"10":{"start":{"line":21,"column":8},"end":{"line":24,"column":11}},"11":{"start":{"line":22,"column":12},"end":{"line":23,"column":30}},"12":{"start":{"line":22,"column":21},"end":{"line":22,"column":33}},"13":{"start":{"line":23,"column":17},"end":{"line":23,"column":30}},"14":{"start":{"line":36,"column":14},"end":{"line":43,"column":1}},"15":{"start":{"line":37,"column":4},"end":{"line":42,"column":7}},"16":{"start":{"line":38,"column":8},"end":{"line":41,"column":11}},"17":{"start":{"line":39,"column":12},"end":{"line":40,"column":31}},"18":{"start":{"line":39,"column":21},"end":{"line":39,"column":33}},"19":{"start":{"line":40,"column":17},"end":{"line":40,"column":31}},"20":{"start":{"line":57,"column":0},"end":{"line":84,"column":2}},"21":{"start":{"line":58,"column":19},"end":{"line":58,"column":49}},"22":{"start":{"line":60,"column":4},"end":{"line":62,"column":5}},"23":{"start":{"line":61,"column":8},"end":{"line":61,"column":27}},"24":{"start":{"line":64,"column":42},"end":{"line":64,"column":53}},"25":{"start":{"line":66,"column":25},"end":{"line":69,"column":5}},"26":{"start":{"line":71,"column":4},"end":{"line":73,"column":5}},"27":{"start":{"line":72,"column":8},"end":{"line":72,"column":56}},"28":{"start":{"line":75,"column":17},"end":{"line":75,"column":48}},"29":{"start":{"line":76,"column":19},"end":{"line":76,"column":31}},"30":{"start":{"line":78,"column":4},"end":{"line":81,"column":6}},"31":{"start":{"line":83,"column":4},"end":{"line":83,"column":42}},"32":{"start":{"line":98,"column":0},"end":{"line":138,"column":2}},"33":{"start":{"line":99,"column":35},"end":{"line":99,"column":39}},"34":{"start":{"line":101,"column":4},"end":{"line":103,"column":5}},"35":{"start":{"line":102,"column":8},"end":{"line":102,"column":42}},"36":{"start":{"line":105,"column":17},"end":{"line":108,"column":5}},"37":{"start":{"line":110,"column":4},"end":{"line":112,"column":5}},"38":{"start":{"line":111,"column":8},"end":{"line":111,"column":47}},"39":{"start":{"line":115,"column":18},"end":{"line":115,"column":68}},"40":{"start":{"line":117,"column":4},"end":{"line":119,"column":5}},"41":{"start":{"line":118,"column":8},"end":{"line":118,"column":47}},"42":{"start":{"line":121,"column":24},"end":{"line":125,"column":5}},"43":{"start":{"line":127,"column":25},"end":{"line":131,"column":5}},"44":{"start":{"line":133,"column":4},"end":{"line":137,"column":6}},"45":{"start":{"line":151,"column":0},"end":{"line":169,"column":2}},"46":{"start":{"line":152,"column":4},"end":{"line":154,"column":5}},"47":{"start":{"line":153,"column":8},"end":{"line":153,"column":36}},"48":{"start":{"line":156,"column":4},"end":{"line":168,"column":7}},"49":{"start":{"line":157,"column":8},"end":{"line":167,"column":11}},"50":{"start":{"line":158,"column":12},"end":{"line":158,"column":63}},"51":{"start":{"line":158,"column":21},"end":{"line":158,"column":63}},"52":{"start":{"line":160,"column":32},"end":{"line":164,"column":13}},"53":{"start":{"line":166,"column":12},"end":{"line":166,"column":33}},"54":{"start":{"line":179,"column":0},"end":{"line":198,"column":2}},"55":{"start":{"line":180,"column":32},"end":{"line":180,"column":37}},"56":{"start":{"line":182,"column":17},"end":{"line":185,"column":5}},"57":{"start":{"line":187,"column":4},"end":{"line":192,"column":5}},"58":{"start":{"line":188,"column":8},"end":{"line":191,"column":10}},"59":{"start":{"line":194,"column":4},"end":{"line":197,"column":6}}},"fnMap":{"0":{"name":"(anonymous_0)","decl":{"start":{"line":19,"column":14},"end":{"line":19,"column":15}},"loc":{"start":{"line":19,"column":36},"end":{"line":26,"column":1}},"line":19},"1":{"name":"(anonymous_1)","decl":{"start":{"line":20,"column":23},"end":{"line":20,"column":24}},"loc":{"start":{"line":20,"column":44},"end":{"line":25,"column":5}},"line":20},"2":{"name":"(anonymous_2)","decl":{"start":{"line":21,"column":28},"end":{"line":21,"column":29}},"loc":{"start":{"line":21,"column":42},"end":{"line":24,"column":9}},"line":21},"3":{"name":"(anonymous_3)","decl":{"start":{"line":36,"column":14},"end":{"line":36,"column":15}},"loc":{"start":{"line":36,"column":36},"end":{"line":43,"column":1}},"line":36},"4":{"name":"(anonymous_4)","decl":{"start":{"line":37,"column":23},"end":{"line":37,"column":24}},"loc":{"start":{"line":37,"column":44},"end":{"line":42,"column":5}},"line":37},"5":{"name":"(anonymous_5)","decl":{"start":{"line":38,"column":28},"end":{"line":38,"column":29}},"loc":{"start":{"line":38,"column":43},"end":{"line":41,"column":9}},"line":38},"6":{"name":"(anonymous_6)","decl":{"start":{"line":57,"column":19},"end":{"line":57,"column":20}},"loc":{"start":{"line":57,"column":35},"end":{"line":84,"column":1}},"line":57},"7":{"name":"(anonymous_7)","decl":{"start":{"line":98,"column":16},"end":{"line":98,"column":17}},"loc":{"start":{"line":98,"column":32},"end":{"line":138,"column":1}},"line":98},"8":{"name":"(anonymous_8)","decl":{"start":{"line":151,"column":18},"end":{"line":151,"column":19}},"loc":{"start":{"line":151,"column":35},"end":{"line":169,"column":1}},"line":151},"9":{"name":"(anonymous_9)","decl":{"start":{"line":156,"column":23},"end":{"line":156,"column":24}},"loc":{"start":{"line":156,"column":44},"end":{"line":168,"column":5}},"line":156},"10":{"name":"(anonymous_10)","decl":{"start":{"line":157,"column":42},"end":{"line":157,"column":43}},"loc":{"start":{"line":157,"column":57},"end":{"line":167,"column":9}},"line":157},"11":{"name":"(anonymous_11)","decl":{"start":{"line":179,"column":20},"end":{"line":179,"column":21}},"loc":{"start":{"line":179,"column":37},"end":{"line":198,"column":1}},"line":179}},"branchMap":{"0":{"loc":{"start":{"line":19,"column":20},"end":{"line":19,"column":31}},"type":"default-arg","locations":[{"start":{"line":19,"column":29},"end":{"line":19,"column":31}}],"line":19},"1":{"loc":{"start":{"line":22,"column":12},"end":{"line":23,"column":30}},"type":"if","locations":[{"start":{"line":22,"column":12},"end":{"line":23,"column":30}},{"start":{"line":23,"column":17},"end":{"line":23,"column":30}}],"line":22},"2":{"loc":{"start":{"line":36,"column":20},"end":{"line":36,"column":31}},"type":"default-arg","locations":[{"start":{"line":36,"column":29},"end":{"line":36,"column":31}}],"line":36},"3":{"loc":{"start":{"line":39,"column":12},"end":{"line":40,"column":31}},"type":"if","locations":[{"start":{"line":39,"column":12},"end":{"line":40,"column":31}},{"start":{"line":40,"column":17},"end":{"line":40,"column":31}}],"line":39},"4":{"loc":{"start":{"line":60,"column":4},"end":{"line":62,"column":5}},"type":"if","locations":[{"start":{"line":60,"column":4},"end":{"line":62,"column":5}},{"start":{},"end":{}}],"line":60},"5":{"loc":{"start":{"line":71,"column":4},"end":{"line":73,"column":5}},"type":"if","locations":[{"start":{"line":71,"column":4},"end":{"line":73,"column":5}},{"start":{},"end":{}}],"line":71},"6":{"loc":{"start":{"line":101,"column":4},"end":{"line":103,"column":5}},"type":"if","locations":[{"start":{"line":101,"column":4},"end":{"line":103,"column":5}},{"start":{},"end":{}}],"line":101},"7":{"loc":{"start":{"line":101,"column":8},"end":{"line":101,"column":30}},"type":"binary-expr","locations":[{"start":{"line":101,"column":8},"end":{"line":101,"column":17}},{"start":{"line":101,"column":21},"end":{"line":101,"column":30}}],"line":101},"8":{"loc":{"start":{"line":110,"column":4},"end":{"line":112,"column":5}},"type":"if","locations":[{"start":{"line":110,"column":4},"end":{"line":112,"column":5}},{"start":{},"end":{}}],"line":110},"9":{"loc":{"start":{"line":110,"column":8},"end":{"line":110,"column":36}},"type":"binary-expr","locations":[{"start":{"line":110,"column":8},"end":{"line":110,"column":13}},{"start":{"line":110,"column":17},"end":{"line":110,"column":36}}],"line":110},"10":{"loc":{"start":{"line":117,"column":4},"end":{"line":119,"column":5}},"type":"if","locations":[{"start":{"line":117,"column":4},"end":{"line":119,"column":5}},{"start":{},"end":{}}],"line":117},"11":{"loc":{"start":{"line":152,"column":4},"end":{"line":154,"column":5}},"type":"if","locations":[{"start":{"line":152,"column":4},"end":{"line":154,"column":5}},{"start":{},"end":{}}],"line":152},"12":{"loc":{"start":{"line":158,"column":12},"end":{"line":158,"column":63}},"type":"if","locations":[{"start":{"line":158,"column":12},"end":{"line":158,"column":63}},{"start":{},"end":{}}],"line":158},"13":{"loc":{"start":{"line":187,"column":4},"end":{"line":192,"column":5}},"type":"if","locations":[{"start":{"line":187,"column":4},"end":{"line":192,"column":5}},{"start":{},"end":{}}],"line":187}},"s":{"0":1,"1":1,"2":1,"3":1,"4":1,"5":1,"6":1,"7":1,"8":1,"9":0,"10":0,"11":0,"12":0,"13":0,"14":1,"15":0,"16":0,"17":0,"18":0,"19":0,"20":1,"21":0,"22":0,"23":0,"24":0,"25":0,"26":0,"27":0,"28":0,"29":0,"30":0,"31":0,"32":1,"33":1,"34":1,"35":1,"36":0,"37":0,"38":0,"39":0,"40":0,"41":0,"42":0,"43":0,"44":0,"45":1,"46":0,"47":0,"48":0,"49":0,"50":0,"51":0,"52":0,"53":0,"54":1,"55":0,"56":0,"57":0,"58":0,"59":0},"f":{"0":0,"1":0,"2":0,"3":0,"4":0,"5":0,"6":0,"7":1,"8":0,"9":0,"10":0,"11":0},"b":{"0":[0],"1":[0,0],"2":[0],"3":[0,0],"4":[0,0],"5":[0,0],"6":[1,0],"7":[1,0],"8":[0,0],"9":[0,0],"10":[0,0],"11":[0,0],"12":[0,0],"13":[0,0]},"_coverageSchema":"1a1c01bbd47fc00a2c39e90264f33305004495a9","hash":"d1dad1dbfc6e448306b25a4d855eba7ddc9f1a26"}
,"C:\\ohjelmointi\\secprog\\secure-auth-app\\backend\\utils\\logger.js": {"path":"C:\\ohjelmointi\\secprog\\secure-auth-app\\backend\\utils\\logger.js","statementMap":{"0":{"start":{"line":1,"column":14},"end":{"line":1,"column":52}},"1":{"start":{"line":15,"column":4},"end":{"line":17,"column":5}},"2":{"start":{"line":16,"column":8},"end":{"line":16,"column":29}},"3":{"start":{"line":31,"column":4},"end":{"line":33,"column":5}},"4":{"start":{"line":32,"column":8},"end":{"line":32,"column":31}},"5":{"start":{"line":36,"column":0},"end":{"line":36,"column":32}}},"fnMap":{"0":{"name":"log","decl":{"start":{"line":14,"column":9},"end":{"line":14,"column":12}},"loc":{"start":{"line":14,"column":22},"end":{"line":18,"column":1}},"line":14},"1":{"name":"error","decl":{"start":{"line":30,"column":9},"end":{"line":30,"column":14}},"loc":{"start":{"line":30,"column":24},"end":{"line":34,"column":1}},"line":30}},"branchMap":{"0":{"loc":{"start":{"line":15,"column":4},"end":{"line":17,"column":5}},"type":"if","locations":[{"start":{"line":15,"column":4},"end":{"line":17,"column":5}},{"start":{},"end":{}}],"line":15},"1":{"loc":{"start":{"line":31,"column":4},"end":{"line":33,"column":5}},"type":"if","locations":[{"start":{"line":31,"column":4},"end":{"line":33,"column":5}},{"start":{},"end":{}}],"line":31}},"s":{"0":3,"1":75,"2":0,"3":0,"4":0,"5":3},"f":{"0":75,"1":0},"b":{"0":[0,75],"1":[0,0]},"_coverageSchema":"1a1c01bbd47fc00a2c39e90264f33305004495a9","hash":"3e0e6313836cab076ef3dd5a329a91964c5820d7"}
,"C:\\ohjelmointi\\secprog\\secure-auth-app\\backend\\utils\\validation.js": {"path":"C:\\ohjelmointi\\secprog\\secure-auth-app\\backend\\utils\\validation.js","statementMap":{"0":{"start":{"line":1,"column":14},"end":{"line":1,"column":28}},"1":{"start":{"line":17,"column":0},"end":{"line":31,"column":3}}},"fnMap":{},"branchMap":{},"s":{"0":1,"1":1},"f":{},"b":{},"_coverageSchema":"1a1c01bbd47fc00a2c39e90264f33305004495a9","hash":"59ec835069ceeebcd0fdccc1adcf1b0a4c56c211"}
}
