TN:
SF:database.js
FN:26,(anonymous_0)
FN:44,(anonymous_1)
FN:64,(anonymous_2)
FNF:3
FNH:3
FNDA:1,(anonymous_0)
FNDA:1,(anonymous_1)
FNDA:1,(anonymous_2)
DA:1,1
DA:2,1
DA:3,1
DA:5,1
DA:8,1
DA:9,1
DA:12,1
DA:13,1
DA:17,1
DA:26,1
DA:27,1
DA:28,0
DA:30,1
DA:43,1
DA:44,1
DA:56,1
DA:65,1
DA:66,0
DA:68,1
DA:74,1
LF:20
LH:18
BRDA:12,0,0,1
BRDA:12,0,1,0
BRDA:27,1,0,0
BRDA:27,1,1,1
BRDA:31,2,0,1
BRDA:31,2,1,0
BRDA:43,3,0,1
BRDA:43,3,1,0
BRDA:65,4,0,0
BRDA:65,4,1,1
BRF:10
BRH:5
end_of_record
TN:
SF:server.js
FN:55,(anonymous_0)
FN:72,(anonymous_1)
FN:107,createSession
FN:134,(anonymous_3)
FN:155,(anonymous_4)
FN:160,startServer
FN:167,(anonymous_6)
FNF:7
FNH:4
FNDA:0,(anonymous_0)
FNDA:3,(anonymous_1)
FNDA:1,createSession
FNDA:0,(anonymous_3)
FNDA:0,(anonymous_4)
FNDA:1,startServer
FNDA:1,(anonymous_6)
DA:1,1
DA:2,1
DA:4,1
DA:5,1
DA:6,1
DA:7,1
DA:8,1
DA:9,1
DA:10,1
DA:12,1
DA:13,1
DA:14,1
DA:16,1
DA:17,1
DA:19,1
DA:22,1
DA:25,1
DA:26,1
DA:30,1
DA:33,1
DA:34,0
DA:39,1
DA:50,1
DA:55,1
DA:56,0
DA:60,1
DA:71,1
DA:74,3
DA:75,3
DA:79,0
DA:80,0
DA:83,0
DA:92,1
DA:95,1
DA:108,1
DA:130,1
DA:133,1
DA:134,0
DA:135,0
DA:136,0
DA:137,0
DA:138,0
DA:139,0
DA:144,1
DA:148,1
DA:152,1
DA:155,1
DA:156,0
DA:157,0
DA:161,1
DA:163,1
DA:164,0
DA:167,1
DA:168,1
DA:171,0
DA:172,0
DA:176,1
DA:177,0
DA:180,1
LF:59
LH:42
BRDA:30,0,0,1
BRDA:30,0,1,0
BRDA:31,1,0,0
BRDA:31,1,1,0
BRDA:33,2,0,0
BRDA:33,2,1,1
BRDA:51,3,0,1
BRDA:51,3,1,0
BRDA:74,4,0,3
BRDA:74,4,1,0
BRDA:79,5,0,0
BRDA:79,5,1,0
BRDA:109,6,0,1
BRDA:109,6,1,0
BRDA:133,7,0,0
BRDA:133,7,1,1
BRDA:163,8,0,0
BRDA:163,8,1,1
BRDA:176,9,0,0
BRDA:176,9,1,1
BRF:20
BRH:8
end_of_record
TN:
SF:controllers\authController.js
FN:17,(anonymous_0)
FN:65,(anonymous_1)
FN:110,(anonymous_2)
FN:133,(anonymous_3)
FN:178,(anonymous_4)
FN:224,(anonymous_5)
FNF:6
FNH:6
FNDA:2,(anonymous_0)
FNDA:3,(anonymous_1)
FNDA:3,(anonymous_2)
FNDA:2,(anonymous_3)
FNDA:3,(anonymous_4)
FNDA:2,(anonymous_5)
DA:1,2
DA:2,2
DA:3,2
DA:17,2
DA:18,2
DA:20,2
DA:22,1
DA:28,1
DA:29,0
DA:36,1
DA:37,0
DA:43,1
DA:45,1
DA:65,2
DA:66,3
DA:69,3
DA:72,1
DA:79,1
DA:89,2
DA:110,2
DA:111,3
DA:113,3
DA:114,3
DA:115,3
DA:117,3
DA:119,3
DA:120,1
DA:123,2
DA:126,2
DA:133,2
DA:135,2
DA:137,1
DA:139,1
DA:145,1
DA:147,1
DA:157,0
DA:159,0
DA:178,2
DA:179,3
DA:182,3
DA:184,3
DA:185,1
DA:192,2
DA:194,1
DA:204,1
DA:224,2
DA:225,2
DA:228,2
DA:230,1
DA:237,1
LF:50
LH:46
BRDA:28,0,0,0
BRDA:28,0,1,1
BRDA:36,1,0,0
BRDA:36,1,1,1
BRDA:119,2,0,1
BRDA:119,2,1,2
BRDA:135,3,0,1
BRDA:135,3,1,1
BRDA:184,4,0,1
BRDA:184,4,1,2
BRF:10
BRH:8
end_of_record
TN:
SF:middleware\authAccessToken.js
FN:26,authenticateAccessToken
FNF:1
FNH:1
FNDA:8,authenticateAccessToken
DA:1,2
DA:2,2
DA:29,8
DA:30,8
DA:31,8
DA:32,8
DA:33,8
DA:34,8
DA:36,8
DA:38,8
DA:39,2
DA:40,2
DA:43,6
DA:44,6
DA:46,6
DA:47,2
DA:48,2
DA:51,4
DA:53,4
DA:55,3
DA:59,3
DA:62,3
DA:64,1
DA:65,1
DA:69,2
LF:25
LH:25
BRDA:38,0,0,2
BRDA:38,0,1,6
BRDA:46,1,0,2
BRDA:46,1,1,4
BRF:4
BRH:4
end_of_record
TN:
SF:middleware\csrfMiddleware.js
FN:22,csrfMiddleware
FNF:1
FNH:0
FNDA:0,csrfMiddleware
DA:1,1
DA:23,0
DA:24,0
DA:25,0
DA:26,0
DA:27,0
DA:29,0
DA:30,0
DA:33,0
DA:34,0
DA:35,0
DA:39,0
DA:40,0
DA:41,0
DA:45,0
DA:46,0
DA:47,0
DA:50,0
DA:53,1
LF:19
LH:2
BRDA:33,0,0,0
BRDA:33,0,1,0
BRDA:39,1,0,0
BRDA:39,1,1,0
BRDA:45,2,0,0
BRDA:45,2,1,0
BRF:6
BRH:0
end_of_record
TN:
SF:middleware\rateLimit.js
FNF:0
FNH:0
DA:1,1
DA:21,1
DA:32,1
LF:3
LH:3
BRF:0
BRH:0
end_of_record
TN:
SF:routes\authRoutes.js
FN:47,(anonymous_0)
FNF:1
FNH:0
FNDA:0,(anonymous_0)
DA:1,1
DA:2,1
DA:4,1
DA:5,1
DA:6,1
DA:7,1
DA:28,1
DA:29,1
DA:31,1
DA:34,1
DA:47,1
DA:48,0
DA:51,1
LF:13
LH:12
BRF:0
BRH:0
end_of_record
TN:
SF:routes\csrf.js
FN:21,(anonymous_0)
FNF:1
FNH:1
FNDA:1,(anonymous_0)
DA:1,1
DA:2,1
DA:4,1
DA:21,1
DA:22,1
DA:23,1
DA:26,1
LF:7
LH:7
BRF:0
BRH:0
end_of_record
TN:
SF:routes\userRoutes.js
FN:14,(anonymous_0)
FNF:1
FNH:0
FNDA:0,(anonymous_0)
DA:1,1
DA:2,1
DA:14,1
DA:15,0
DA:21,1
LF:5
LH:4
BRF:0
BRH:0
end_of_record
TN:
SF:services\authService.js
FN:19,(anonymous_0)
FN:20,(anonymous_1)
FN:21,(anonymous_2)
FN:36,(anonymous_3)
FN:37,(anonymous_4)
FN:38,(anonymous_5)
FN:57,(anonymous_6)
FN:98,(anonymous_7)
FN:151,(anonymous_8)
FN:156,(anonymous_9)
FN:157,(anonymous_10)
FN:179,(anonymous_11)
FNF:12
FNH:1
FNDA:0,(anonymous_0)
FNDA:0,(anonymous_1)
FNDA:0,(anonymous_2)
FNDA:0,(anonymous_3)
FNDA:0,(anonymous_4)
FNDA:0,(anonymous_5)
FNDA:0,(anonymous_6)
FNDA:1,(anonymous_7)
FNDA:0,(anonymous_8)
FNDA:0,(anonymous_9)
FNDA:0,(anonymous_10)
FNDA:0,(anonymous_11)
DA:1,1
DA:2,1
DA:3,1
DA:4,1
DA:5,1
DA:6,1
DA:8,1
DA:9,1
DA:19,1
DA:20,0
DA:21,0
DA:22,0
DA:23,0
DA:36,1
DA:37,0
DA:38,0
DA:39,0
DA:40,0
DA:57,1
DA:58,0
DA:60,0
DA:61,0
DA:64,0
DA:66,0
DA:71,0
DA:72,0
DA:75,0
DA:76,0
DA:78,0
DA:83,0
DA:98,1
DA:99,1
DA:101,1
DA:102,1
DA:105,0
DA:110,0
DA:111,0
DA:115,0
DA:117,0
DA:118,0
DA:121,0
DA:127,0
DA:133,0
DA:151,1
DA:152,0
DA:153,0
DA:156,0
DA:157,0
DA:158,0
DA:160,0
DA:166,0
DA:179,1
DA:180,0
DA:182,0
DA:187,0
DA:188,0
DA:194,0
LF:57
LH:17
BRDA:19,0,0,0
BRDA:22,1,0,0
BRDA:22,1,1,0
BRDA:36,2,0,0
BRDA:39,3,0,0
BRDA:39,3,1,0
BRDA:60,4,0,0
BRDA:60,4,1,0
BRDA:71,5,0,0
BRDA:71,5,1,0
BRDA:101,6,0,1
BRDA:101,6,1,0
BRDA:101,7,0,1
BRDA:101,7,1,0
BRDA:110,8,0,0
BRDA:110,8,1,0
BRDA:110,9,0,0
BRDA:110,9,1,0
BRDA:117,10,0,0
BRDA:117,10,1,0
BRDA:152,11,0,0
BRDA:152,11,1,0
BRDA:158,12,0,0
BRDA:158,12,1,0
BRDA:187,13,0,0
BRDA:187,13,1,0
BRF:26
BRH:2
end_of_record
TN:
SF:utils\csrf.js
FN:13,generateCsrfToken
FN:28,setCsrfToken
FN:51,validateCsrf
FNF:3
FNH:2
FNDA:1,generateCsrfToken
FNDA:1,setCsrfToken
FNDA:0,validateCsrf
DA:1,1
DA:14,1
DA:29,1
DA:31,1
DA:32,1
DA:52,0
DA:53,0
DA:54,0
DA:57,1
LF:9
LH:6
BRDA:54,0,0,0
BRDA:54,0,1,0
BRDA:54,0,2,0
BRF:3
BRH:0
end_of_record
TN:
SF:utils\logger.js
FN:14,log
FN:30,error
FNF:2
FNH:1
FNDA:78,log
FNDA:0,error
DA:1,3
DA:15,78
DA:16,0
DA:31,0
DA:32,0
DA:36,3
LF:6
LH:3
BRDA:15,0,0,0
BRDA:15,0,1,78
BRDA:31,1,0,0
BRDA:31,1,1,0
BRF:4
BRH:1
end_of_record
TN:
SF:utils\validation.js
FNF:0
FNH:0
DA:1,1
DA:17,1
LF:2
LH:2
BRF:0
BRH:0
end_of_record
